Build started 1/4/2018 1:25:01 PM.
     1>Project "E:\Ibrahim\C Pograms\Snake_ESP\ConsoleApplication4\ConsoleApplication4.vcxproj" on node 2 (Build target(s)).
     1>C:\Program Files (x86)\MSBuild\Microsoft.Cpp\v4.0\V120\Microsoft.CppBuild.targets(381,5): warning MSB8028: The intermediate directory (Debug\) contains files shared from another project (ConsoleApplication4.vcxproj).  This can lead to incorrect clean and rebuild behavior.
     1>ClCompile:
         C:\Program Files (x86)\Microsoft Visual Studio 12.0\VC\bin\CL.exe /c /ZI /nologo /W3 /WX- /Od /Oy- /D WIN32 /D _DEBUG /D _CONSOLE /D _LIB /D _UNICODE /D UNICODE /Gm /EHsc /RTC1 /MDd /GS /fp:precise /Zc:wchar_t /Zc:forScope /Fo"Debug\\" /Fd"Debug\vc120.pdb" /Gd /TP /analyze- /errorReport:prompt Source.cpp
         Source.cpp
     1>e:\ibrahim\c pograms\snake_esp\consoleapplication4\source.cpp(96): warning C4996: 'kbhit': The POSIX name for this item is deprecated. Instead, use the ISO C++ conformant name: _kbhit. See online help for details.
                 c:\program files (x86)\microsoft visual studio 12.0\vc\include\conio.h(133) : see declaration of 'kbhit'
     1>e:\ibrahim\c pograms\snake_esp\consoleapplication4\source.cpp(171): warning C4996: 'kbhit': The POSIX name for this item is deprecated. Instead, use the ISO C++ conformant name: _kbhit. See online help for details.
                 c:\program files (x86)\microsoft visual studio 12.0\vc\include\conio.h(133) : see declaration of 'kbhit'
     1>e:\ibrahim\c pograms\snake_esp\consoleapplication4\source.cpp(250): warning C4996: 'kbhit': The POSIX name for this item is deprecated. Instead, use the ISO C++ conformant name: _kbhit. See online help for details.
                 c:\program files (x86)\microsoft visual studio 12.0\vc\include\conio.h(133) : see declaration of 'kbhit'
     1>e:\ibrahim\c pograms\snake_esp\consoleapplication4\source.cpp(328): warning C4996: 'kbhit': The POSIX name for this item is deprecated. Instead, use the ISO C++ conformant name: _kbhit. See online help for details.
                 c:\program files (x86)\microsoft visual studio 12.0\vc\include\conio.h(133) : see declaration of 'kbhit'
       Link:
         C:\Program Files (x86)\Microsoft Visual Studio 12.0\VC\bin\link.exe /ERRORREPORT:PROMPT /OUT:"E:\Ibrahim\C Pograms\Snake_ESP\Debug\Snake_ESP.exe" /INCREMENTAL /NOLOGO kernel32.lib user32.lib gdi32.lib winspool.lib comdlg32.lib advapi32.lib shell32.lib ole32.lib oleaut32.lib uuid.lib odbc32.lib odbccp32.lib /MANIFEST /MANIFESTUAC:"level='asInvoker' uiAccess='false'" /manifest:embed /DEBUG /PDB:"E:\Ibrahim\C Pograms\Snake_ESP\Debug\Snake_ESP.pdb" /SUBSYSTEM:CONSOLE /TLBID:1 /DYNAMICBASE /NXCOMPAT /IMPLIB:"E:\Ibrahim\C Pograms\Snake_ESP\Debug\Snake_ESP.lib" /MACHINE:X86 Debug\Source.obj
         ConsoleApplication4.vcxproj -> E:\Ibrahim\C Pograms\Snake_ESP\Debug\Snake_ESP.exe
     1>Done Building Project "E:\Ibrahim\C Pograms\Snake_ESP\ConsoleApplication4\ConsoleApplication4.vcxproj" (Build target(s)).

Build succeeded.

Time Elapsed 00:00:02.15
